<?xml version="1.0" encoding="UTF-8"?>
<!-- Generated by org.testng.reporters.JUnitReportReporter -->
<testsuite hostname="LAPTOP-7LPQ0L1T" failures="0" tests="1" name="ReportEX.SampleTest" time="0.046" errors="0" timestamp="2024-09-27T20:06:20 IST" skipped="0">
  <testcase classname="ReportEX.SampleTest" name="testExample" time="0.046"/>
</testsuite> <!-- ReportEX.SampleTest -->
