<?xml version="1.0" encoding="UTF-8"?>
<!-- Generated by org.testng.reporters.JUnitReportReporter -->
<testsuite hostname="LAPTOP-7LPQ0L1T" failures="0" tests="1" name="testCases.TC001RegistrationPage" time="2.423" errors="0" timestamp="2024-09-28T17:23:14 IST" skipped="0">
  <testcase classname="testCases.TC001RegistrationPage" name="executReegistration" time="2.423"/>
</testsuite> <!-- testCases.TC001RegistrationPage -->
