<?xml version="1.0" encoding="UTF-8"?>
<!-- Generated by org.testng.reporters.JUnitReportReporter -->
<testsuite hostname="LAPTOP-7LPQ0L1T" failures="0" tests="2" name="day42.usingNG" time="0.010" errors="0" timestamp="2024-09-20T18:47:24 IST" skipped="0">
  <testcase classname="day42.usingNG" name="openApp" time="0.009"/>
  <testcase classname="day42.usingNG" name="closeApp" time="0.001"/>
</testsuite> <!-- day42.usingNG -->
