<?xml version="1.0" encoding="UTF-8"?>
<!-- Generated by org.testng.reporters.JUnitReportReporter -->
<testsuite hostname="LAPTOP-7LPQ0L1T" failures="0" tests="3" name="day43.datadriven" time="2.862" errors="0" timestamp="2024-09-22T14:14:46 IST" skipped="0">
  <testcase classname="day43.datadriven" name="validate" time="0.500"/>
  <testcase classname="day43.datadriven" name="validate" time="1.283"/>
  <testcase classname="day43.datadriven" name="validate" time="1.079"/>
</testsuite> <!-- day43.datadriven -->
