<?xml version="1.0" encoding="UTF-8"?>
<!-- Generated by org.testng.reporters.JUnitReportReporter -->
<testsuite hostname="LAPTOP-7LPQ0L1T" failures="0" tests="1" name="testCases.TC003EditAccountInfo" time="3.696" errors="0" timestamp="2024-10-01T13:10:32 IST" skipped="0">
  <testcase classname="testCases.TC003EditAccountInfo" name="executeEditAccountInfo" time="3.696"/>
</testsuite> <!-- testCases.TC003EditAccountInfo -->
